[www.blaine-rp.com/index.html]
[static.wixstatic.com/media/d9948e_3e4078a1fce74c67a60a524bcd93d84b_mv2.png/v1/fill/w_32,h_32,lg_1,usm_0.66_1.00_0.01/d9948e_3e4078a1fce74c67a60a524bcd93d84b_mv2.png]
[static.parastorage.com/unpkg/core-js-bundle@3.2.1/minified.js]
[static.parastorage.com/unpkg/focus-within-polyfill@5.0.9/dist/focus-within-polyfill.js]
[backblue.gif]
[fade.gif]
[index.html]
[polyfill.io/v3/polyfill.mind82c.js]
[browser.sentry-cdn.com/6.18.2/bundle.min.js]
[www.blaine-rp.com/decodeURIComponent(e]
[www.blaine-rp.com/sitemap.xml]
[www.blaine-rp.com/feed.xml]
[static.parastorage.com/services/wix-thunderbolt/dist/bootstrap-features.61b337b6.bundle.min.js]
[static.parastorage.com/services/wix-thunderbolt/dist/main.7baefd7b.bundle.min.js]
[static.parastorage.com/unpkg/lodash@4.17.21/lodash.min.js]
[static.parastorage.com/unpkg/react@16.13.1/umd/react.production.min.js]
[static.parastorage.com/services/tag-manager-client/1.427.0/siteTags.bundle.min.js]
[www.blaine-rp.com/version/index.html]
[static.parastorage.com/services/wix-perf-measure/1.756.0/wix-perf-measure.bundle.min.js]
[static.parastorage.com/unpkg/react-dom@16.13.1/umd/react-dom.production.min.js]
[www.blaine-rp.com/fbce49db.min.css]
[www.blaine-rp.com/37bd0eeb.min.css]
[www.blaine-rp.com/913e0517.min.css]
[www.blaine-rp.com/2a3ba4df.min.css]
[www.blaine-rp.com/bb623b78.min.css]
[www.blaine-rp.com/e427b5ea.chunk.min.js]
[www.blaine-rp.com/e961f6d9.chunk.min.js]
[www.blaine-rp.com/rb_wixui.thunderbolt_bootstrap-classic.a54ed742.chunk.min.js]
[www.blaine-rp.com/rb_wixui.thunderbolt_bootstrap-responsive.a66c1914.chunk.min.css]
[www.blaine-rp.com/rb_wixui.thunderbolt_bootstrap-responsive.e961f6d9.chunk.min.js]
[www.blaine-rp.com/rb_wixui.thunderbolt_common-site-members-dialogs.e6a271c3.chunk.min.css]
[www.blaine-rp.com/rb_wixui.thunderbolt_common-site-members-dialogs.b1f6fe36.chunk.min.js]
[www.blaine-rp.com/rb_wixui.thunderbolt_bootstrap.5641211f.chunk.min.css]
[www.blaine-rp.com/rb_wixui.thunderbolt_bootstrap.e427b5ea.chunk.min.js]
[www.blaine-rp.com/متطلبات-اللعبة.html]
[www.blaine-rp.com/certified-jobs.html]
[www.blaine-rp.com/الشرطة.html]
[www.blaine-rp.com/الحراسة.html]
[www.blaine-rp.com/الدفاع-المدني.html]
[www.blaine-rp.com/الخريطة.html]
[www.blaine-rp.com/jobs-public.html]
[www.blaine-rp.com/الوظائف.html]
[www.blaine-rp.com/الاختبار.html]
[www.blaine-rp.com/القوانين.html]
[www.blaine-rp.com/البث-المباشر.html]
[static.wixstatic.com/media/d9948e_260a48cd663d4582b3dddc8a3cb0a93e_mv2.png/v1/fill/w_245,h_138,al_c,q_85,usm_0.66_1.00_0.01,blur_2,enc_auto/d9948e_260a48cd663d4582b3dddc8a3cb0a93e_mv2.png]
[static.wixstatic.com/media/d9948e_af3c903a35f14245a2bff885a0e08316_mv2.png/v1/fill/w_173,h_55,al_c,q_85,usm_0.66_1.00_0.01,blur_2,enc_auto/blaine_logo_new_2021.png]
[static.wixstatic.com/media/d9948e_00686b5cbaf54a0a8e61cbb11aab64ae_mv2.png/v1/fill/w_245,h_138,al_c,q_85,usm_0.66_1.00_0.01,blur_2,enc_auto/d9948e_00686b5cbaf54a0a8e61cbb11aab64ae_mv2.png]
[static.wixstatic.com/media/d9948e_cbdd31949c624197bd8a7a6705e395ca_mv2.jpg/v1/fill/w_131,h_74,al_c,q_80,usm_0.66_1.00_0.01,blur_2,enc_auto/d9948e_cbdd31949c624197bd8a7a6705e395ca_mv2.jpg]
[static.wixstatic.com/media/d9948e_fc39266280634cf09e31231c6737cfe4f000.jpg/v1/fill/w_196,h_110,al_c,q_80,usm_0.66_1.00_0.01,blur_2,enc_auto/d9948e_fc39266280634cf09e31231c6737cfe4f000.jpg]
[www.blaine-rp.com/المتجر.html]
[static.wixstatic.com/media/d9948e_265fa06da1e848dfab0b0a0aef4d0efdf000.jpg/v1/fill/w_245,h_138,al_c,q_80,usm_0.66_1.00_0.01,blur_2,enc_auto/d9948e_265fa06da1e848dfab0b0a0aef4d0efdf000.jpg]
[static.wixstatic.com/media/d9948e_9dd7d3a648ea4891a0f3400276a1d211f000.jpg/v1/fill/w_245,h_138,al_c,q_80,usm_0.66_1.00_0.01,blur_2,enc_auto/d9948e_9dd7d3a648ea4891a0f3400276a1d211f000.jpg]
[static.wixstatic.com/media/d9948e_aa70bd20289d4de98b4040d49446a7d6f000.jpg/v1/fill/w_245,h_138,al_c,q_80,usm_0.66_1.00_0.01,blur_2,enc_auto/d9948e_aa70bd20289d4de98b4040d49446a7d6f000.jpg]
[static.wixstatic.com/media/d9948e_1533c8f410174e42ae586b277c64b436_mv2.png/v1/fill/w_39,h_39,al_c,q_85,usm_0.66_1.00_0.01,blur_3,enc_auto/d9948e_1533c8f410174e42ae586b277c64b436_mv2.png]
[www.blaine-rp.com/نبذة.html]
[static.wixstatic.com/media/d9948e_7453ac131e9a4d8485282c8691f3a237_mv2.png/v1/fill/w_39,h_39,al_c,q_85,usm_0.66_1.00_0.01,blur_3,enc_auto/d9948e_7453ac131e9a4d8485282c8691f3a237_mv2.png]
[static.wixstatic.com/media/9f9c321c774844b793180620472aa4f1.png/v1/fill/w_37,h_39,al_c,q_85,usm_0.66_1.00_0.01,blur_3,enc_auto/9f9c321c774844b793180620472aa4f1.png]
[www.blaine-rp.com/index.html]
[www.blaine-rp.com/decodeURIComponent(e.html]
[www.blaine-rp.com/feed.html]
[www.blaine-rp.com/version/index.html]
[www.blaine-rp.com/fbce49db.min.html]
[www.blaine-rp.com/37bd0eeb.min.html]
[www.blaine-rp.com/913e0517.min.html]
[www.blaine-rp.com/2a3ba4df.min.html]
[www.blaine-rp.com/bb623b78.min.html]
[www.blaine-rp.com/e427b5ea.chunk.min.html]
[www.blaine-rp.com/e961f6d9.chunk.min.html]
[www.blaine-rp.com/rb_wixui.thunderbolt_bootstrap-classic.a54ed742.chunk.min.html]
[www.blaine-rp.com/rb_wixui.thunderbolt_bootstrap-responsive.a66c1914.chunk.min.html]
[www.blaine-rp.com/rb_wixui.thunderbolt_bootstrap-responsive.e961f6d9.chunk.min.html]
[www.blaine-rp.com/rb_wixui.thunderbolt_common-site-members-dialogs.e6a271c3.chunk.min.html]
[www.blaine-rp.com/rb_wixui.thunderbolt_common-site-members-dialogs.b1f6fe36.chunk.min.html]
[www.blaine-rp.com/rb_wixui.thunderbolt_bootstrap.5641211f.chunk.min.html]
[www.blaine-rp.com/rb_wixui.thunderbolt_bootstrap.e427b5ea.chunk.min.html]
[static.wixstatic.com/media/d9948e_1c36f03377414136aab13bf799126a25_mv2.jpg/v1/fill/w_245,h_138,al_c,q_80,usm_0.66_1.00_0.01,blur_2,enc_auto/d9948e_1c36f03377414136aab13bf799126a25_mv2.jpg]
[static.wixstatic.com/media/d9948e_21754762927f494f84ee349bf7207331_mv2.png/v1/fill/w_124,h_42,al_c,q_85,usm_0.66_1.00_0.01,blur_2,enc_auto/d9948e_21754762927f494f84ee349bf7207331_mv2.png]
[static.wixstatic.com/media/d9948e_d10c380143614efdb4cab271de616e6b_mv2.png/v1/fill/w_192,h_192,al_c,q_85,usm_0.66_1.00_0.01,blur_3,enc_auto/d9948e_d10c380143614efdb4cab271de616e6b_mv2.png]
[static.wixstatic.com/media/d9948e_1533c8f410174e42ae586b277c64b436_mv2.png/v1/fill/w_76,h_76,al_c,q_85,usm_0.66_1.00_0.01,blur_2,enc_auto/d9948e_1533c8f410174e42ae586b277c64b436_mv2.png]
[www.blaine-rp.com/متطلبات-اللعبة.html]
[www.blaine-rp.com/certified-jobs.html]
[static.wixstatic.com/media/d9948e_dd48d608a00d4486b1a03ff2865a9399f000.jpg/v1/fill/w_245,h_138,al_c,q_80,usm_0.66_1.00_0.01,blur_2,enc_auto/d9948e_dd48d608a00d4486b1a03ff2865a9399f000.jpg]
[www.blaine-rp.com/قيد-الانشاء.html]
[static.wixstatic.com/media/d9948e_e50bdeff0d564ebaab5d59a5c7018641f000.jpg/v1/fill/w_245,h_138,al_c,q_80,usm_0.66_1.00_0.01,blur_2,enc_auto/d9948e_e50bdeff0d564ebaab5d59a5c7018641f000.jpg]
[static.wixstatic.com/media/d9948e_5ae0eaf0115744098a752737d7c4ceb8_mv2.png/v1/fill/w_245,h_138,al_c,q_85,usm_0.66_1.00_0.01,blur_2,enc_auto/d9948e_5ae0eaf0115744098a752737d7c4ceb8_mv2.png]
[www.blaine-rp.com/الشرطة.html]
[static.wixstatic.com/media/d9948e_24263e64ba294c4a8208b86bc55bb572f000.jpg/v1/fill/w_245,h_138,al_c,q_80,usm_0.66_1.00_0.01,blur_2,enc_auto/d9948e_24263e64ba294c4a8208b86bc55bb572f000.jpg]
[static.wixstatic.com/media/d9948e_4b29ee93bd6e44b1abb76c3ee349aa0ff000.jpg/v1/fill/w_245,h_133,al_c,q_80,usm_0.66_1.00_0.01,blur_2,enc_auto/d9948e_4b29ee93bd6e44b1abb76c3ee349aa0ff000.jpg]
[static.wixstatic.com/media/d9948e_31ae6e57b9c04d8e9efb311fc5c34cab_mv2.jpg/v1/fill/w_245,h_135,al_c,q_80,usm_0.66_1.00_0.01,blur_2,enc_auto/d9948e_31ae6e57b9c04d8e9efb311fc5c34cab_mv2.jpg]
[www.blaine-rp.com/الحراسة.html]
[static.wixstatic.com/media/d9948e_bf8ea5ad5d4f4f31869a44e2166b5955f000.jpg/v1/fill/w_245,h_138,al_c,q_80,usm_0.66_1.00_0.01,blur_2,enc_auto/d9948e_bf8ea5ad5d4f4f31869a44e2166b5955f000.jpg]
[static.wixstatic.com/media/d9948e_756ea9734aef495baf57ceef6d72fb5d_mv2.png/v1/fill/w_245,h_133,al_c,q_85,usm_0.66_1.00_0.01,blur_2,enc_auto/d9948e_756ea9734aef495baf57ceef6d72fb5d_mv2.png]
[static.wixstatic.com/media/d9948e_e2fe856a2a6840c48111df618dea5b68_mv2.png/v1/fill/w_245,h_134,al_c,q_85,usm_0.66_1.00_0.01,blur_2,enc_auto/d9948e_e2fe856a2a6840c48111df618dea5b68_mv2.png]
[www.blaine-rp.com/الدفاع-المدني.html]
[static.wixstatic.com/media/d9948e_2b23ae579ed8432f9176924f82260bea_mv2.png/v1/fill/w_245,h_245,al_c,q_85,usm_0.66_1.00_0.01,blur_2,enc_auto/d9948e_2b23ae579ed8432f9176924f82260bea_mv2.png]
[www.blaine-rp.com/الخريطة.html]
[www.blaine-rp.com/jobs-public.html]
[www.blaine-rp.com/الوظائف.html]
[static.wixstatic.com/media/d9948e_d583a12bb7a84a05ac21971aeb25d0e0_mv2.jpg/v1/fill/w_245,h_68,al_c,q_80,usm_0.66_1.00_0.01,blur_2,enc_auto/d9948e_d583a12bb7a84a05ac21971aeb25d0e0_mv2.jpg]
[static.wixstatic.com/media/d9948e_074857d7e1844647ac0293c3e315bb05_mv2.jpg/v1/fill/w_245,h_95,al_c,q_80,usm_0.66_1.00_0.01,blur_2,enc_auto/d9948e_074857d7e1844647ac0293c3e315bb05_mv2.jpg]
[static.wixstatic.com/media/d9948e_1ce91649052f4c9b80c0edb7ecff85c5_mv2.jpg/v1/fill/w_245,h_96,al_c,q_80,usm_0.66_1.00_0.01,blur_2,enc_auto/d9948e_1ce91649052f4c9b80c0edb7ecff85c5_mv2.jpg]
[static.wixstatic.com/media/d9948e_9670a8f8ce1b40e787f479f39cbff929_mv2.jpg/v1/fill/w_245,h_96,al_c,q_80,usm_0.66_1.00_0.01,blur_2,enc_auto/d9948e_9670a8f8ce1b40e787f479f39cbff929_mv2.jpg]
[static.wixstatic.com/media/d9948e_28878c233e044c118ab824f2aa2d6add_mv2.jpg/v1/fill/w_245,h_96,al_c,q_80,usm_0.66_1.00_0.01,blur_2,enc_auto/d9948e_28878c233e044c118ab824f2aa2d6add_mv2.jpg]
[static.wixstatic.com/media/d9948e_08f61640519e4b619df494700e226a58_mv2.jpg/v1/fill/w_245,h_96,al_c,q_80,usm_0.66_1.00_0.01,blur_2,enc_auto/d9948e_08f61640519e4b619df494700e226a58_mv2.jpg]
[static.wixstatic.com/media/d9948e_10f7f77e573a4eab87a49fba13137296_mv2.jpg/v1/fill/w_245,h_96,al_c,q_80,usm_0.66_1.00_0.01,blur_2,enc_auto/d9948e_10f7f77e573a4eab87a49fba13137296_mv2.jpg]
[static.wixstatic.com/media/d9948e_02738cefd9a349e4ba5e68437938a0dd_mv2.jpg/v1/fill/w_245,h_96,al_c,q_80,usm_0.66_1.00_0.01,blur_2,enc_auto/d9948e_02738cefd9a349e4ba5e68437938a0dd_mv2.jpg]
[static.wixstatic.com/media/d9948e_74f422bf767a45069579906f7082069e_mv2.jpg/v1/fill/w_245,h_96,al_c,q_80,usm_0.66_1.00_0.01,blur_2,enc_auto/d9948e_74f422bf767a45069579906f7082069e_mv2.jpg]
[www.blaine-rp.com/القوانين.html]
[static.wixstatic.com/media/d9948e_7062f237a3574a49ad5ec7ebf5962387_mv2.jpg/v1/fill/w_245,h_123,al_c,q_80,usm_0.66_1.00_0.01,blur_2,enc_auto/d9948e_7062f237a3574a49ad5ec7ebf5962387_mv2.jpg]
[static.wixstatic.com/media/d9948e_8dcd226381a94e9aa5c41c5499172da0_mv2.png/v1/fill/w_245,h_90,al_c,q_85,usm_0.66_1.00_0.01,blur_2,enc_auto/d9948e_8dcd226381a94e9aa5c41c5499172da0_mv2.png]
[www.blaine-rp.com/البث-المباشر.html]
[static.wixstatic.com/media/d9948e_35156b7c137e4d47b6f510c43189f4ad_mv2.jpg/v1/fill/w_245,h_138,al_c,q_80,usm_0.66_1.00_0.01,blur_2,enc_auto/d9948e_35156b7c137e4d47b6f510c43189f4ad_mv2.jpg]
[www.blaine-rp.com/الاختبار.html]
[static.wixstatic.com/media/d9948e_ac35fc6b7ddc4318b366f3a1d571e4a5_mv2.png/v1/fill/w_93,h_71,al_c,q_85,usm_0.66_1.00_0.01,blur_2,enc_auto/d9948e_ac35fc6b7ddc4318b366f3a1d571e4a5_mv2.png]
[www.blaine-rp.com/المتجر.html]
[www.blaine-rp.com/نبذة.html]
[www.blaine-rp.com/قيد-الانشاء.html]
